2025-04-29 07:12:30,654 - crawlers.gnosisfreight_crawler - INFO - Starting Gnosis Freight Crawler...
2025-04-29 07:12:31,384 - crawlers.gnosisfreight_crawler - ERROR - Error parsing an article block: 'NoneType' object is not subscriptable
2025-04-29 07:12:31,384 - crawlers.gnosisfreight_crawler - ERROR - Error parsing an article block: 'NoneType' object is not subscriptable
2025-04-29 07:12:31,384 - crawlers.gnosisfreight_crawler - ERROR - Error parsing an article block: 'NoneType' object is not subscriptable
2025-04-29 07:12:31,384 - crawlers.gnosisfreight_crawler - ERROR - Error parsing an article block: 'NoneType' object is not subscriptable
2025-04-29 07:12:31,384 - crawlers.gnosisfreight_crawler - ERROR - Error parsing an article block: 'NoneType' object is not subscriptable
2025-04-29 07:12:31,384 - crawlers.gnosisfreight_crawler - ERROR - Error parsing an article block: 'NoneType' object is not subscriptable
2025-04-29 07:12:31,384 - crawlers.gnosisfreight_crawler - ERROR - Error parsing an article block: 'NoneType' object is not subscriptable
2025-04-29 07:12:31,384 - crawlers.gnosisfreight_crawler - ERROR - Error parsing an article block: 'NoneType' object is not subscriptable
2025-04-29 07:12:31,384 - crawlers.gnosisfreight_crawler - ERROR - Error parsing an article block: 'NoneType' object is not subscriptable
2025-04-29 07:12:31,384 - crawlers.gnosisfreight_crawler - ERROR - Error parsing an article block: 'NoneType' object is not subscriptable
2025-04-29 07:12:31,384 - crawlers.gnosisfreight_crawler - ERROR - Error parsing an article block: 'NoneType' object is not subscriptable
2025-04-29 07:12:31,384 - crawlers.gnosisfreight_crawler - ERROR - Error parsing an article block: 'NoneType' object is not subscriptable
2025-04-29 07:12:31,385 - crawlers.gnosisfreight_crawler - ERROR - Error parsing an article block: 'NoneType' object is not subscriptable
2025-04-29 07:12:31,385 - crawlers.gnosisfreight_crawler - ERROR - Error parsing an article block: 'NoneType' object is not subscriptable
2025-04-29 07:12:31,385 - crawlers.gnosisfreight_crawler - ERROR - Error parsing an article block: 'NoneType' object is not subscriptable
2025-04-29 07:12:31,385 - crawlers.gnosisfreight_crawler - ERROR - Error parsing an article block: 'NoneType' object is not subscriptable
2025-04-29 07:12:31,385 - crawlers.gnosisfreight_crawler - ERROR - Error parsing an article block: 'NoneType' object is not subscriptable
2025-04-29 07:12:31,385 - crawlers.gnosisfreight_crawler - ERROR - Error parsing an article block: 'NoneType' object is not subscriptable
2025-04-29 07:12:31,385 - crawlers.gnosisfreight_crawler - ERROR - Error parsing an article block: 'NoneType' object is not subscriptable
2025-04-29 07:12:31,385 - crawlers.gnosisfreight_crawler - ERROR - Error parsing an article block: 'NoneType' object is not subscriptable
2025-04-29 07:12:31,385 - crawlers.gnosisfreight_crawler - ERROR - Error parsing an article block: 'NoneType' object is not subscriptable
2025-04-29 07:12:31,385 - crawlers.gnosisfreight_crawler - ERROR - Error parsing an article block: 'NoneType' object is not subscriptable
2025-04-29 07:12:31,385 - crawlers.gnosisfreight_crawler - ERROR - Error parsing an article block: 'NoneType' object is not subscriptable
2025-04-29 07:12:31,385 - crawlers.gnosisfreight_crawler - ERROR - Error parsing an article block: 'NoneType' object is not subscriptable
2025-04-29 07:12:31,385 - crawlers.gnosisfreight_crawler - ERROR - Error parsing an article block: 'NoneType' object is not subscriptable
2025-04-29 07:12:31,385 - crawlers.gnosisfreight_crawler - ERROR - Error parsing an article block: 'NoneType' object is not subscriptable
2025-04-29 07:12:31,385 - crawlers.gnosisfreight_crawler - ERROR - Error parsing an article block: 'NoneType' object is not subscriptable
2025-04-29 07:12:31,385 - crawlers.gnosisfreight_crawler - ERROR - Error parsing an article block: 'NoneType' object is not subscriptable
2025-04-29 07:12:31,385 - crawlers.gnosisfreight_crawler - ERROR - Error parsing an article block: 'NoneType' object is not subscriptable
2025-04-29 07:12:31,385 - crawlers.gnosisfreight_crawler - ERROR - Error parsing an article block: 'NoneType' object is not subscriptable
2025-04-29 07:12:31,386 - crawlers.gnosisfreight_crawler - ERROR - Error parsing an article block: 'NoneType' object is not subscriptable
2025-04-29 07:12:31,386 - crawlers.gnosisfreight_crawler - ERROR - Error parsing an article block: 'NoneType' object is not subscriptable
2025-04-29 07:12:31,386 - crawlers.gnosisfreight_crawler - ERROR - Error parsing an article block: 'NoneType' object is not subscriptable
2025-04-29 07:12:31,386 - crawlers.gnosisfreight_crawler - ERROR - Error parsing an article block: 'NoneType' object is not subscriptable
2025-04-29 07:12:31,386 - crawlers.gnosisfreight_crawler - ERROR - Error parsing an article block: 'NoneType' object is not subscriptable
2025-04-29 07:12:31,386 - crawlers.gnosisfreight_crawler - ERROR - Error parsing an article block: 'NoneType' object is not subscriptable
2025-04-29 07:12:31,386 - crawlers.gnosisfreight_crawler - ERROR - Error parsing an article block: 'NoneType' object is not subscriptable
2025-04-29 07:12:31,386 - crawlers.gnosisfreight_crawler - ERROR - Error parsing an article block: 'NoneType' object is not subscriptable
2025-04-29 07:12:31,386 - crawlers.gnosisfreight_crawler - ERROR - Error parsing an article block: 'NoneType' object is not subscriptable
2025-04-29 07:12:31,386 - crawlers.gnosisfreight_crawler - ERROR - Error parsing an article block: 'NoneType' object is not subscriptable
2025-04-29 07:12:31,386 - crawlers.gnosisfreight_crawler - ERROR - Error parsing an article block: 'NoneType' object is not subscriptable
2025-04-29 07:12:31,386 - crawlers.gnosisfreight_crawler - ERROR - Error parsing an article block: 'NoneType' object is not subscriptable
2025-04-29 07:12:31,386 - crawlers.gnosisfreight_crawler - ERROR - Error parsing an article block: 'NoneType' object is not subscriptable
2025-04-29 07:12:31,386 - crawlers.gnosisfreight_crawler - ERROR - Error parsing an article block: 'NoneType' object is not subscriptable
2025-04-29 07:12:31,386 - crawlers.gnosisfreight_crawler - ERROR - Error parsing an article block: 'NoneType' object is not subscriptable
2025-04-29 07:12:31,386 - crawlers.gnosisfreight_crawler - ERROR - Error parsing an article block: 'NoneType' object is not subscriptable
2025-04-29 07:12:31,386 - crawlers.gnosisfreight_crawler - ERROR - Error parsing an article block: 'NoneType' object is not subscriptable
2025-04-29 07:12:31,386 - crawlers.gnosisfreight_crawler - ERROR - Error parsing an article block: 'NoneType' object is not subscriptable
2025-04-29 07:12:31,386 - crawlers.gnosisfreight_crawler - ERROR - Error parsing an article block: 'NoneType' object is not subscriptable
2025-04-29 07:12:31,387 - crawlers.gnosisfreight_crawler - ERROR - Error parsing an article block: 'NoneType' object is not subscriptable
2025-04-29 07:12:31,387 - crawlers.gnosisfreight_crawler - INFO - Successfully crawled 0 articles from Gnosis Freight.
2025-04-29 07:16:38,739 - crawlers.gnosisfreight_crawler - INFO - Starting Gnosis Freight Crawler...
2025-04-29 07:16:39,174 - crawlers.gnosisfreight_crawler - WARNING - Skipping a block because title or link is missing.
2025-04-29 07:16:39,174 - crawlers.gnosisfreight_crawler - WARNING - Skipping a block because title or link is missing.
2025-04-29 07:16:39,174 - crawlers.gnosisfreight_crawler - WARNING - Skipping a block because title or link is missing.
2025-04-29 07:16:39,175 - crawlers.gnosisfreight_crawler - WARNING - Skipping a block because title or link is missing.
2025-04-29 07:16:39,175 - crawlers.gnosisfreight_crawler - WARNING - Skipping a block because title or link is missing.
2025-04-29 07:16:39,175 - crawlers.gnosisfreight_crawler - WARNING - Skipping a block because title or link is missing.
2025-04-29 07:16:39,175 - crawlers.gnosisfreight_crawler - WARNING - Skipping a block because title or link is missing.
2025-04-29 07:16:39,175 - crawlers.gnosisfreight_crawler - WARNING - Skipping a block because title or link is missing.
2025-04-29 07:16:39,175 - crawlers.gnosisfreight_crawler - WARNING - Skipping a block because title or link is missing.
2025-04-29 07:16:39,175 - crawlers.gnosisfreight_crawler - WARNING - Skipping a block because title or link is missing.
2025-04-29 07:16:39,175 - crawlers.gnosisfreight_crawler - WARNING - Skipping a block because title or link is missing.
2025-04-29 07:16:39,175 - crawlers.gnosisfreight_crawler - WARNING - Skipping a block because title or link is missing.
2025-04-29 07:16:39,175 - crawlers.gnosisfreight_crawler - WARNING - Skipping a block because title or link is missing.
2025-04-29 07:16:39,175 - crawlers.gnosisfreight_crawler - WARNING - Skipping a block because title or link is missing.
2025-04-29 07:16:39,175 - crawlers.gnosisfreight_crawler - WARNING - Skipping a block because title or link is missing.
2025-04-29 07:16:39,175 - crawlers.gnosisfreight_crawler - WARNING - Skipping a block because title or link is missing.
2025-04-29 07:16:39,175 - crawlers.gnosisfreight_crawler - WARNING - Skipping a block because title or link is missing.
2025-04-29 07:16:39,176 - crawlers.gnosisfreight_crawler - WARNING - Skipping a block because title or link is missing.
2025-04-29 07:16:39,176 - crawlers.gnosisfreight_crawler - WARNING - Skipping a block because title or link is missing.
2025-04-29 07:16:39,176 - crawlers.gnosisfreight_crawler - WARNING - Skipping a block because title or link is missing.
2025-04-29 07:16:39,176 - crawlers.gnosisfreight_crawler - WARNING - Skipping a block because title or link is missing.
2025-04-29 07:16:39,176 - crawlers.gnosisfreight_crawler - WARNING - Skipping a block because title or link is missing.
2025-04-29 07:16:39,176 - crawlers.gnosisfreight_crawler - WARNING - Skipping a block because title or link is missing.
2025-04-29 07:16:39,176 - crawlers.gnosisfreight_crawler - WARNING - Skipping a block because title or link is missing.
2025-04-29 07:16:39,176 - crawlers.gnosisfreight_crawler - WARNING - Skipping a block because title or link is missing.
2025-04-29 07:16:39,177 - crawlers.gnosisfreight_crawler - WARNING - Skipping a block because title or link is missing.
2025-04-29 07:16:39,177 - crawlers.gnosisfreight_crawler - WARNING - Skipping a block because title or link is missing.
2025-04-29 07:16:39,177 - crawlers.gnosisfreight_crawler - WARNING - Skipping a block because title or link is missing.
2025-04-29 07:16:39,177 - crawlers.gnosisfreight_crawler - WARNING - Skipping a block because title or link is missing.
2025-04-29 07:16:39,177 - crawlers.gnosisfreight_crawler - WARNING - Skipping a block because title or link is missing.
2025-04-29 07:16:39,177 - crawlers.gnosisfreight_crawler - WARNING - Skipping a block because title or link is missing.
2025-04-29 07:16:39,177 - crawlers.gnosisfreight_crawler - WARNING - Skipping a block because title or link is missing.
2025-04-29 07:16:39,177 - crawlers.gnosisfreight_crawler - WARNING - Skipping a block because title or link is missing.
2025-04-29 07:16:39,178 - crawlers.gnosisfreight_crawler - WARNING - Skipping a block because title or link is missing.
2025-04-29 07:16:39,178 - crawlers.gnosisfreight_crawler - WARNING - Skipping a block because title or link is missing.
2025-04-29 07:16:39,178 - crawlers.gnosisfreight_crawler - WARNING - Skipping a block because title or link is missing.
2025-04-29 07:16:39,178 - crawlers.gnosisfreight_crawler - WARNING - Skipping a block because title or link is missing.
2025-04-29 07:16:39,178 - crawlers.gnosisfreight_crawler - WARNING - Skipping a block because title or link is missing.
2025-04-29 07:16:39,178 - crawlers.gnosisfreight_crawler - WARNING - Skipping a block because title or link is missing.
2025-04-29 07:16:39,178 - crawlers.gnosisfreight_crawler - WARNING - Skipping a block because title or link is missing.
2025-04-29 07:16:39,179 - crawlers.gnosisfreight_crawler - WARNING - Skipping a block because title or link is missing.
2025-04-29 07:16:39,179 - crawlers.gnosisfreight_crawler - WARNING - Skipping a block because title or link is missing.
2025-04-29 07:16:39,179 - crawlers.gnosisfreight_crawler - WARNING - Skipping a block because title or link is missing.
2025-04-29 07:16:39,179 - crawlers.gnosisfreight_crawler - WARNING - Skipping a block because title or link is missing.
2025-04-29 07:16:39,179 - crawlers.gnosisfreight_crawler - WARNING - Skipping a block because title or link is missing.
2025-04-29 07:16:39,179 - crawlers.gnosisfreight_crawler - WARNING - Skipping a block because title or link is missing.
2025-04-29 07:16:39,179 - crawlers.gnosisfreight_crawler - WARNING - Skipping a block because title or link is missing.
2025-04-29 07:16:39,180 - crawlers.gnosisfreight_crawler - WARNING - Skipping a block because title or link is missing.
2025-04-29 07:16:39,180 - crawlers.gnosisfreight_crawler - WARNING - Skipping a block because title or link is missing.
2025-04-29 07:16:39,180 - crawlers.gnosisfreight_crawler - WARNING - Skipping a block because title or link is missing.
2025-04-29 07:16:39,181 - crawlers.gnosisfreight_crawler - INFO - Successfully crawled 0 articles from Gnosis Freight.
2025-04-29 07:17:05,863 - crawlers.gnosisfreight_crawler - INFO - Starting Gnosis Freight Crawler...
2025-04-29 07:17:06,306 - crawlers.gnosisfreight_crawler - WARNING - Skipping a block because title or link is missing.
2025-04-29 07:17:06,306 - crawlers.gnosisfreight_crawler - WARNING - Skipping a block because title or link is missing.
2025-04-29 07:17:06,307 - crawlers.gnosisfreight_crawler - WARNING - Skipping a block because title or link is missing.
2025-04-29 07:17:06,307 - crawlers.gnosisfreight_crawler - WARNING - Skipping a block because title or link is missing.
2025-04-29 07:17:06,307 - crawlers.gnosisfreight_crawler - WARNING - Skipping a block because title or link is missing.
2025-04-29 07:17:06,307 - crawlers.gnosisfreight_crawler - WARNING - Skipping a block because title or link is missing.
2025-04-29 07:17:06,307 - crawlers.gnosisfreight_crawler - WARNING - Skipping a block because title or link is missing.
2025-04-29 07:17:06,307 - crawlers.gnosisfreight_crawler - WARNING - Skipping a block because title or link is missing.
2025-04-29 07:17:06,307 - crawlers.gnosisfreight_crawler - WARNING - Skipping a block because title or link is missing.
2025-04-29 07:17:06,307 - crawlers.gnosisfreight_crawler - WARNING - Skipping a block because title or link is missing.
2025-04-29 07:17:06,307 - crawlers.gnosisfreight_crawler - WARNING - Skipping a block because title or link is missing.
2025-04-29 07:17:06,308 - crawlers.gnosisfreight_crawler - WARNING - Skipping a block because title or link is missing.
2025-04-29 07:17:06,308 - crawlers.gnosisfreight_crawler - WARNING - Skipping a block because title or link is missing.
2025-04-29 07:17:06,308 - crawlers.gnosisfreight_crawler - WARNING - Skipping a block because title or link is missing.
2025-04-29 07:17:06,308 - crawlers.gnosisfreight_crawler - WARNING - Skipping a block because title or link is missing.
2025-04-29 07:17:06,308 - crawlers.gnosisfreight_crawler - WARNING - Skipping a block because title or link is missing.
2025-04-29 07:17:06,308 - crawlers.gnosisfreight_crawler - WARNING - Skipping a block because title or link is missing.
2025-04-29 07:17:06,308 - crawlers.gnosisfreight_crawler - WARNING - Skipping a block because title or link is missing.
2025-04-29 07:17:06,308 - crawlers.gnosisfreight_crawler - WARNING - Skipping a block because title or link is missing.
2025-04-29 07:17:06,308 - crawlers.gnosisfreight_crawler - WARNING - Skipping a block because title or link is missing.
2025-04-29 07:17:06,309 - crawlers.gnosisfreight_crawler - WARNING - Skipping a block because title or link is missing.
2025-04-29 07:17:06,309 - crawlers.gnosisfreight_crawler - WARNING - Skipping a block because title or link is missing.
2025-04-29 07:17:06,309 - crawlers.gnosisfreight_crawler - WARNING - Skipping a block because title or link is missing.
2025-04-29 07:17:06,309 - crawlers.gnosisfreight_crawler - WARNING - Skipping a block because title or link is missing.
2025-04-29 07:17:06,309 - crawlers.gnosisfreight_crawler - WARNING - Skipping a block because title or link is missing.
2025-04-29 07:17:06,309 - crawlers.gnosisfreight_crawler - WARNING - Skipping a block because title or link is missing.
2025-04-29 07:17:06,309 - crawlers.gnosisfreight_crawler - WARNING - Skipping a block because title or link is missing.
2025-04-29 07:17:06,309 - crawlers.gnosisfreight_crawler - WARNING - Skipping a block because title or link is missing.
2025-04-29 07:17:06,309 - crawlers.gnosisfreight_crawler - WARNING - Skipping a block because title or link is missing.
2025-04-29 07:17:06,309 - crawlers.gnosisfreight_crawler - WARNING - Skipping a block because title or link is missing.
2025-04-29 07:17:06,310 - crawlers.gnosisfreight_crawler - WARNING - Skipping a block because title or link is missing.
2025-04-29 07:17:06,310 - crawlers.gnosisfreight_crawler - WARNING - Skipping a block because title or link is missing.
2025-04-29 07:17:06,310 - crawlers.gnosisfreight_crawler - WARNING - Skipping a block because title or link is missing.
2025-04-29 07:17:06,310 - crawlers.gnosisfreight_crawler - WARNING - Skipping a block because title or link is missing.
2025-04-29 07:17:06,310 - crawlers.gnosisfreight_crawler - WARNING - Skipping a block because title or link is missing.
2025-04-29 07:17:06,310 - crawlers.gnosisfreight_crawler - WARNING - Skipping a block because title or link is missing.
2025-04-29 07:17:06,310 - crawlers.gnosisfreight_crawler - WARNING - Skipping a block because title or link is missing.
2025-04-29 07:17:06,310 - crawlers.gnosisfreight_crawler - WARNING - Skipping a block because title or link is missing.
2025-04-29 07:17:06,310 - crawlers.gnosisfreight_crawler - WARNING - Skipping a block because title or link is missing.
2025-04-29 07:17:06,310 - crawlers.gnosisfreight_crawler - WARNING - Skipping a block because title or link is missing.
2025-04-29 07:17:06,310 - crawlers.gnosisfreight_crawler - WARNING - Skipping a block because title or link is missing.
2025-04-29 07:17:06,311 - crawlers.gnosisfreight_crawler - WARNING - Skipping a block because title or link is missing.
2025-04-29 07:17:06,311 - crawlers.gnosisfreight_crawler - WARNING - Skipping a block because title or link is missing.
2025-04-29 07:17:06,311 - crawlers.gnosisfreight_crawler - WARNING - Skipping a block because title or link is missing.
2025-04-29 07:17:06,311 - crawlers.gnosisfreight_crawler - WARNING - Skipping a block because title or link is missing.
2025-04-29 07:17:06,311 - crawlers.gnosisfreight_crawler - WARNING - Skipping a block because title or link is missing.
2025-04-29 07:17:06,311 - crawlers.gnosisfreight_crawler - WARNING - Skipping a block because title or link is missing.
2025-04-29 07:17:06,311 - crawlers.gnosisfreight_crawler - WARNING - Skipping a block because title or link is missing.
2025-04-29 07:17:06,311 - crawlers.gnosisfreight_crawler - WARNING - Skipping a block because title or link is missing.
2025-04-29 07:17:06,311 - crawlers.gnosisfreight_crawler - WARNING - Skipping a block because title or link is missing.
2025-04-29 07:17:06,312 - crawlers.gnosisfreight_crawler - INFO - Successfully crawled 0 articles from Gnosis Freight.
2025-04-29 07:32:52,912 - crawlers.gnosisfreight_crawler - INFO - Saved 50 articles to data/raw/gnosisfreight_articles_20250429_073252.json
2025-04-29 21:28:47,865 - crawlers.gnosisfreight_crawler - INFO - Saved 50 articles to data/raw/gnosisfreight_articles_20250429_212847.json
